
> vercel-ai-demo@0.1.0 dev
> next dev

▲ Next.js 16.2.2 (Turbopack)
- Local:         http://localhost:3000
- Network:       http://192.168.0.150:3000
✓ Ready in 314ms
- Experiments (use with caution):
  · serverActions

⨯ ./apps/vercel-ai-demo/app/components/DashboardCard.tsx
Specified module format (CommonJs) is not matching the module format of the source code (EcmaScript Modules)
The CommonJs module format was specified in the package.json that is affecting this source file or by using an special extension, but Ecmascript import/export syntax is used in the source code.
The module was automatically converted to an EcmaScript module, but that is in conflict with the specified module format. Either change the "type" field in the package.json or replace EcmaScript import/export syntax with CommonJs syntas in the source file.
In some cases EcmaScript import/export syntax is added by an transform and isn't actually part of the source code. In these cases revisit transformation options to inject the correct syntax.

Import traces:
  Client Component Browser:
    ./apps/vercel-ai-demo/app/components/DashboardCard.tsx [Client Component Browser]
    ./apps/vercel-ai-demo/app/page.tsx [Client Component Browser]
    ./apps/vercel-ai-demo/app/page.tsx [Server Component]

  Client Component SSR:
    ./apps/vercel-ai-demo/app/components/DashboardCard.tsx [Client Component SSR]
    ./apps/vercel-ai-demo/app/page.tsx [Client Component SSR]
    ./apps/vercel-ai-demo/app/page.tsx [Server Component]



./apps/vercel-ai-demo/app/components/UserRoleSelector.tsx
Specified module format (CommonJs) is not matching the module format of the source code (EcmaScript Modules)
The CommonJs module format was specified in the package.json that is affecting this source file or by using an special extension, but Ecmascript import/export syntax is used in the source code.
The module was automatically converted to an EcmaScript module, but that is in conflict with the specified module format. Either change the "type" field in the package.json or replace EcmaScript import/export syntax with CommonJs syntas in the source file.
In some cases EcmaScript import/export syntax is added by an transform and isn't actually part of the source code. In these cases revisit transformation options to inject the correct syntax.

Import traces:
  Client Component Browser:
    ./apps/vercel-ai-demo/app/components/UserRoleSelector.tsx [Client Component Browser]
    ./apps/vercel-ai-demo/app/page.tsx [Client Component Browser]
    ./apps/vercel-ai-demo/app/page.tsx [Server Component]

  Client Component SSR:
    ./apps/vercel-ai-demo/app/components/UserRoleSelector.tsx [Client Component SSR]
    ./apps/vercel-ai-demo/app/page.tsx [Client Component SSR]
    ./apps/vercel-ai-demo/app/page.tsx [Server Component]



./apps/vercel-ai-demo/app/layout.tsx
Specified module format (CommonJs) is not matching the module format of the source code (EcmaScript Modules)
The CommonJs module format was specified in the package.json that is affecting this source file or by using an special extension, but Ecmascript import/export syntax is used in the source code.
The module was automatically converted to an EcmaScript module, but that is in conflict with the specified module format. Either change the "type" field in the package.json or replace EcmaScript import/export syntax with CommonJs syntas in the source file.
In some cases EcmaScript import/export syntax is added by an transform and isn't actually part of the source code. In these cases revisit transformation options to inject the correct syntax.



./apps/vercel-ai-demo/app/lib/ai-simple.ts
Specified module format (CommonJs) is not matching the module format of the source code (EcmaScript Modules)
The CommonJs module format was specified in the package.json that is affecting this source file or by using an special extension, but Ecmascript import/export syntax is used in the source code.
The module was automatically converted to an EcmaScript module, but that is in conflict with the specified module format. Either change the "type" field in the package.json or replace EcmaScript import/export syntax with CommonJs syntas in the source file.
In some cases EcmaScript import/export syntax is added by an transform and isn't actually part of the source code. In these cases revisit transformation options to inject the correct syntax.

Import traces:
  Client Component Browser:
    ./apps/vercel-ai-demo/app/lib/ai-simple.ts [Client Component Browser]
    ./apps/vercel-ai-demo/app/page.tsx [Client Component Browser]
    ./apps/vercel-ai-demo/app/page.tsx [Server Component]

  Client Component SSR:
    ./apps/vercel-ai-demo/app/lib/ai-simple.ts [Client Component SSR]
    ./apps/vercel-ai-demo/app/page.tsx [Client Component SSR]
    ./apps/vercel-ai-demo/app/page.tsx [Server Component]



./apps/vercel-ai-demo/app/lib/utils.ts
Specified module format (CommonJs) is not matching the module format of the source code (EcmaScript Modules)
The CommonJs module format was specified in the package.json that is affecting this source file or by using an special extension, but Ecmascript import/export syntax is used in the source code.
The module was automatically converted to an EcmaScript module, but that is in conflict with the specified module format. Either change the "type" field in the package.json or replace EcmaScript import/export syntax with CommonJs syntas in the source file.
In some cases EcmaScript import/export syntax is added by an transform and isn't actually part of the source code. In these cases revisit transformation options to inject the correct syntax.

Import traces:
  Client Component Browser:
    ./apps/vercel-ai-demo/app/lib/utils.ts [Client Component Browser]
    ./apps/vercel-ai-demo/app/page.tsx [Client Component Browser]
    ./apps/vercel-ai-demo/app/page.tsx [Server Component]

  Client Component SSR:
    ./apps/vercel-ai-demo/app/lib/utils.ts [Client Component SSR]
    ./apps/vercel-ai-demo/app/page.tsx [Client Component SSR]
    ./apps/vercel-ai-demo/app/page.tsx [Server Component]



./apps/vercel-ai-demo/app/page.tsx
Specified module format (CommonJs) is not matching the module format of the source code (EcmaScript Modules)
The CommonJs module format was specified in the package.json that is affecting this source file or by using an special extension, but Ecmascript import/export syntax is used in the source code.
The module was automatically converted to an EcmaScript module, but that is in conflict with the specified module format. Either change the "type" field in the package.json or replace EcmaScript import/export syntax with CommonJs syntas in the source file.
In some cases EcmaScript import/export syntax is added by an transform and isn't actually part of the source code. In these cases revisit transformation options to inject the correct syntax.

Import traces:
  Client Component Browser:
    ./apps/vercel-ai-demo/app/page.tsx [Client Component Browser]
    ./apps/vercel-ai-demo/app/page.tsx [Server Component]

  Client Component SSR:
    ./apps/vercel-ai-demo/app/page.tsx [Client Component SSR]
    ./apps/vercel-ai-demo/app/page.tsx [Server Component]



./apps/vercel-ai-demo/tailwind.config.ts
Specified module format (CommonJs) is not matching the module format of the source code (EcmaScript Modules)
The CommonJs module format was specified in the package.json that is affecting this source file or by using an special extension, but Ecmascript import/export syntax is used in the source code.
The module was automatically converted to an EcmaScript module, but that is in conflict with the specified module format. Either change the "type" field in the package.json or replace EcmaScript import/export syntax with CommonJs syntas in the source file.
In some cases EcmaScript import/export syntax is added by an transform and isn't actually part of the source code. In these cases revisit transformation options to inject the correct syntax.


 GET / 500 in 1621ms (next.js: 1566ms, application-code: 55ms)
[?25h
